<?xml version="1.0" encoding="UTF-8" ?>
<testsuite tests="11" failures="3" name="com.aatanasov.timetable.test.ScheduleCalculatorTest" time="0.309" errors="0" skipped="0">
  <properties>
    <property name="java.runtime.name" value="Java(TM) SE Runtime Environment"/>
    <property name="java.vm.version" value="9.0.4+11"/>
    <property name="sun.boot.library.path" value="C:\Program Files\Java\jre-9.0.4\bin"/>
    <property name="maven.multiModuleProjectDirectory" value="D:\Нова папка (3)\praktikertimetable"/>
    <property name="java.vm.vendor" value="Oracle Corporation"/>
    <property name="java.vendor.url" value="http://java.oracle.com/"/>
    <property name="guice.disable.misplaced.annotation.check" value="true"/>
    <property name="path.separator" value=";"/>
    <property name="java.vm.name" value="Java HotSpot(TM) 64-Bit Server VM"/>
    <property name="file.encoding.pkg" value="sun.io"/>
    <property name="sun.os.patch.level" value=""/>
    <property name="user.script" value=""/>
    <property name="user.country" value="BG"/>
    <property name="sun.java.launcher" value="SUN_STANDARD"/>
    <property name="java.vm.specification.name" value="Java Virtual Machine Specification"/>
    <property name="user.dir" value="D:\Нова папка (3)\praktikertimetable"/>
    <property name="java.vm.compressedOopsMode" value="32-bit"/>
    <property name="java.runtime.version" value="9.0.4+11"/>
    <property name="java.awt.graphicsenv" value="sun.awt.Win32GraphicsEnvironment"/>
    <property name="os.arch" value="amd64"/>
    <property name="java.io.tmpdir" value="C:\Users\Lenovo\AppData\Local\Temp\"/>
    <property name="line.separator" value="
"/>
    <property name="java.vm.specification.vendor" value="Oracle Corporation"/>
    <property name="user.variant" value=""/>
    <property name="os.name" value="Windows 10"/>
    <property name="classworlds.conf" value="C:\Program Files (x86)\apache-maven-3.5.2\bin\..\bin\m2.conf"/>
    <property name="sun.jnu.encoding" value="Cp1251"/>
    <property name="java.library.path" value="C:\ProgramData\Oracle\Java\javapath;C:\Windows\Sun\Java\bin;C:\Windows\system32;C:\Windows;C:\ProgramData\Oracle\Java\javapath;C:\Windows\system32;C:\Windows;C:\Windows\System32\Wbem;C:\Windows\System32\WindowsPowerShell\v1.0\;D:\Git\cmd;C:\Users\Lenovo\AppData\Local\Microsoft\WindowsApps;C:\Program Files (x86)\apache-maven-3.5.2\bin;;."/>
    <property name="maven.conf" value="C:\Program Files (x86)\apache-maven-3.5.2\bin\../conf"/>
    <property name="jdk.debug" value="release"/>
    <property name="java.class.version" value="53.0"/>
    <property name="java.specification.name" value="Java Platform API Specification"/>
    <property name="sun.management.compiler" value="HotSpot 64-Bit Tiered Compilers"/>
    <property name="os.version" value="10.0"/>
    <property name="library.jansi.path" value="C:\Program Files (x86)\apache-maven-3.5.2\bin\..\lib\jansi-native"/>
    <property name="user.home" value="C:\Users\Lenovo"/>
    <property name="user.timezone" value="Europe/Helsinki"/>
    <property name="java.awt.printerjob" value="sun.awt.windows.WPrinterJob"/>
    <property name="file.encoding" value="Cp1251"/>
    <property name="java.specification.version" value="9"/>
    <property name="user.name" value="Lenovo"/>
    <property name="java.class.path" value="C:\Program Files (x86)\apache-maven-3.5.2\bin\..\boot\plexus-classworlds-2.5.2.jar"/>
    <property name="java.vm.specification.version" value="9"/>
    <property name="sun.arch.data.model" value="64"/>
    <property name="sun.java.command" value="org.codehaus.plexus.classworlds.launcher.Launcher package"/>
    <property name="java.home" value="C:\Program Files\Java\jre-9.0.4"/>
    <property name="user.language" value="bg"/>
    <property name="java.specification.vendor" value="Oracle Corporation"/>
    <property name="awt.toolkit" value="sun.awt.windows.WToolkit"/>
    <property name="java.vm.info" value="mixed mode"/>
    <property name="java.version" value="9.0.4"/>
    <property name="java.vendor" value="Oracle Corporation"/>
    <property name="sun.stderr.encoding" value="cp866"/>
    <property name="maven.home" value="C:\Program Files (x86)\apache-maven-3.5.2\bin\.."/>
    <property name="file.separator" value="\"/>
    <property name="java.vendor.url.bug" value="http://bugreport.java.com/bugreport/"/>
    <property name="sun.io.unicode.encoding" value="UnicodeLittle"/>
    <property name="sun.cpu.endian" value="little"/>
    <property name="sun.stdout.encoding" value="cp866"/>
    <property name="sun.desktop" value="windows"/>
    <property name="sun.cpu.isalist" value="amd64"/>
  </properties>
  <testcase classname="com.aatanasov.timetable.test.ScheduleCalculatorTest" name="testNameNotChanged" time="0.015"/>
  <testcase classname="com.aatanasov.timetable.test.ScheduleCalculatorTest" name="testPersonRestDays" time="0"/>
  <testcase classname="com.aatanasov.timetable.test.ScheduleCalculatorTest" name="testCalculateWorkingPeopleCount" time="0"/>
  <testcase classname="com.aatanasov.timetable.test.ScheduleCalculatorTest" name="testGenerateRandomDayType" time="0"/>
  <testcase classname="com.aatanasov.timetable.test.ScheduleCalculatorTest" name="testPersonDoesntWorkMoreThanSixDays" time="0">
    <failure message="Each person can work maximum 6 days in a row" type="java.lang.AssertionError">java.lang.AssertionError: Each person can work maximum 6 days in a row
	at org.junit.Assert.fail(Assert.java:88)
	at com.aatanasov.timetable.test.ScheduleCalculatorTest.testPersonDoesntWorkMoreThanSixDays(ScheduleCalculatorTest.java:142)
	at java.base/jdk.internal.reflect.NativeMethodAccessorImpl.invoke0(Native Method)
	at java.base/jdk.internal.reflect.NativeMethodAccessorImpl.invoke(Unknown Source)
	at java.base/jdk.internal.reflect.DelegatingMethodAccessorImpl.invoke(Unknown Source)
	at java.base/java.lang.reflect.Method.invoke(Unknown Source)
	at org.junit.runners.model.FrameworkMethod$1.runReflectiveCall(FrameworkMethod.java:50)
	at org.junit.internal.runners.model.ReflectiveCallable.run(ReflectiveCallable.java:12)
	at org.junit.runners.model.FrameworkMethod.invokeExplosively(FrameworkMethod.java:47)
	at org.junit.internal.runners.statements.InvokeMethod.evaluate(InvokeMethod.java:17)
	at org.junit.runners.ParentRunner.runLeaf(ParentRunner.java:325)
	at org.junit.runners.BlockJUnit4ClassRunner.runChild(BlockJUnit4ClassRunner.java:78)
	at org.junit.runners.BlockJUnit4ClassRunner.runChild(BlockJUnit4ClassRunner.java:57)
	at org.junit.runners.ParentRunner$3.run(ParentRunner.java:290)
	at org.junit.runners.ParentRunner$1.schedule(ParentRunner.java:71)
	at org.junit.runners.ParentRunner.runChildren(ParentRunner.java:288)
	at org.junit.runners.ParentRunner.access$000(ParentRunner.java:58)
	at org.junit.runners.ParentRunner$2.evaluate(ParentRunner.java:268)
	at org.junit.runners.ParentRunner.run(ParentRunner.java:363)
	at org.apache.maven.surefire.junit4.JUnit4Provider.execute(JUnit4Provider.java:252)
	at org.apache.maven.surefire.junit4.JUnit4Provider.executeTestSet(JUnit4Provider.java:141)
	at org.apache.maven.surefire.junit4.JUnit4Provider.invoke(JUnit4Provider.java:112)
	at java.base/jdk.internal.reflect.NativeMethodAccessorImpl.invoke0(Native Method)
	at java.base/jdk.internal.reflect.NativeMethodAccessorImpl.invoke(Unknown Source)
	at java.base/jdk.internal.reflect.DelegatingMethodAccessorImpl.invoke(Unknown Source)
	at java.base/java.lang.reflect.Method.invoke(Unknown Source)
	at org.apache.maven.surefire.util.ReflectionUtils.invokeMethodWithArray(ReflectionUtils.java:189)
	at org.apache.maven.surefire.booter.ProviderFactory$ProviderProxy.invoke(ProviderFactory.java:165)
	at org.apache.maven.surefire.booter.ProviderFactory.invokeProvider(ProviderFactory.java:85)
	at org.apache.maven.surefire.booter.ForkedBooter.runSuitesInProcess(ForkedBooter.java:115)
	at org.apache.maven.surefire.booter.ForkedBooter.main(ForkedBooter.java:75)
</failure>
    <system-out>Calculate time schedule for num days = 30
Processing person Mitko
Too many retries
Retry person schedule generation :Mitko
</system-out>
  </testcase>
  <testcase classname="com.aatanasov.timetable.test.ScheduleCalculatorTest" name="testAllDaysPopulated" time="0"/>
  <testcase classname="com.aatanasov.timetable.test.ScheduleCalculatorTest" name="testDaysNotChanged" time="0"/>
  <testcase classname="com.aatanasov.timetable.test.ScheduleCalculatorTest" name="testNoFirstShiftAfterSecondShift" time="0">
    <failure message="expected:&lt;30&gt; but was:&lt;31&gt;" type="java.lang.AssertionError">java.lang.AssertionError: expected:&lt;30&gt; but was:&lt;31&gt;
	at org.junit.Assert.fail(Assert.java:88)
	at org.junit.Assert.failNotEquals(Assert.java:834)
	at org.junit.Assert.assertEquals(Assert.java:645)
	at org.junit.Assert.assertEquals(Assert.java:631)
	at com.aatanasov.timetable.test.ScheduleCalculatorTest.testNoFirstShiftAfterSecondShift(ScheduleCalculatorTest.java:92)
	at java.base/jdk.internal.reflect.NativeMethodAccessorImpl.invoke0(Native Method)
	at java.base/jdk.internal.reflect.NativeMethodAccessorImpl.invoke(Unknown Source)
	at java.base/jdk.internal.reflect.DelegatingMethodAccessorImpl.invoke(Unknown Source)
	at java.base/java.lang.reflect.Method.invoke(Unknown Source)
	at org.junit.runners.model.FrameworkMethod$1.runReflectiveCall(FrameworkMethod.java:50)
	at org.junit.internal.runners.model.ReflectiveCallable.run(ReflectiveCallable.java:12)
	at org.junit.runners.model.FrameworkMethod.invokeExplosively(FrameworkMethod.java:47)
	at org.junit.internal.runners.statements.InvokeMethod.evaluate(InvokeMethod.java:17)
	at org.junit.runners.ParentRunner.runLeaf(ParentRunner.java:325)
	at org.junit.runners.BlockJUnit4ClassRunner.runChild(BlockJUnit4ClassRunner.java:78)
	at org.junit.runners.BlockJUnit4ClassRunner.runChild(BlockJUnit4ClassRunner.java:57)
	at org.junit.runners.ParentRunner$3.run(ParentRunner.java:290)
	at org.junit.runners.ParentRunner$1.schedule(ParentRunner.java:71)
	at org.junit.runners.ParentRunner.runChildren(ParentRunner.java:288)
	at org.junit.runners.ParentRunner.access$000(ParentRunner.java:58)
	at org.junit.runners.ParentRunner$2.evaluate(ParentRunner.java:268)
	at org.junit.runners.ParentRunner.run(ParentRunner.java:363)
	at org.apache.maven.surefire.junit4.JUnit4Provider.execute(JUnit4Provider.java:252)
	at org.apache.maven.surefire.junit4.JUnit4Provider.executeTestSet(JUnit4Provider.java:141)
	at org.apache.maven.surefire.junit4.JUnit4Provider.invoke(JUnit4Provider.java:112)
	at java.base/jdk.internal.reflect.NativeMethodAccessorImpl.invoke0(Native Method)
	at java.base/jdk.internal.reflect.NativeMethodAccessorImpl.invoke(Unknown Source)
	at java.base/jdk.internal.reflect.DelegatingMethodAccessorImpl.invoke(Unknown Source)
	at java.base/java.lang.reflect.Method.invoke(Unknown Source)
	at org.apache.maven.surefire.util.ReflectionUtils.invokeMethodWithArray(ReflectionUtils.java:189)
	at org.apache.maven.surefire.booter.ProviderFactory$ProviderProxy.invoke(ProviderFactory.java:165)
	at org.apache.maven.surefire.booter.ProviderFactory.invokeProvider(ProviderFactory.java:85)
	at org.apache.maven.surefire.booter.ForkedBooter.runSuitesInProcess(ForkedBooter.java:115)
	at org.apache.maven.surefire.booter.ForkedBooter.main(ForkedBooter.java:75)
</failure>
    <system-out>Calculate time schedule for num days = 30
Processing person Milko
</system-out>
  </testcase>
  <testcase classname="com.aatanasov.timetable.test.ScheduleCalculatorTest" name="testSamePeopleData" time="0"/>
  <testcase classname="com.aatanasov.timetable.test.ScheduleCalculatorTest" name="testNumPeopleEachDay" time="0.294">
    <failure message="Too few people: 7" type="java.lang.AssertionError">java.lang.AssertionError: Too few people: 7
	at org.junit.Assert.fail(Assert.java:88)
	at org.junit.Assert.assertTrue(Assert.java:41)
	at com.aatanasov.timetable.test.ScheduleCalculatorTest.testNumPeopleEachDay(ScheduleCalculatorTest.java:121)
	at java.base/jdk.internal.reflect.NativeMethodAccessorImpl.invoke0(Native Method)
	at java.base/jdk.internal.reflect.NativeMethodAccessorImpl.invoke(Unknown Source)
	at java.base/jdk.internal.reflect.DelegatingMethodAccessorImpl.invoke(Unknown Source)
	at java.base/java.lang.reflect.Method.invoke(Unknown Source)
	at org.junit.runners.model.FrameworkMethod$1.runReflectiveCall(FrameworkMethod.java:50)
	at org.junit.internal.runners.model.ReflectiveCallable.run(ReflectiveCallable.java:12)
	at org.junit.runners.model.FrameworkMethod.invokeExplosively(FrameworkMethod.java:47)
	at org.junit.internal.runners.statements.InvokeMethod.evaluate(InvokeMethod.java:17)
	at org.junit.runners.ParentRunner.runLeaf(ParentRunner.java:325)
	at org.junit.runners.BlockJUnit4ClassRunner.runChild(BlockJUnit4ClassRunner.java:78)
	at org.junit.runners.BlockJUnit4ClassRunner.runChild(BlockJUnit4ClassRunner.java:57)
	at org.junit.runners.ParentRunner$3.run(ParentRunner.java:290)
	at org.junit.runners.ParentRunner$1.schedule(ParentRunner.java:71)
	at org.junit.runners.ParentRunner.runChildren(ParentRunner.java:288)
	at org.junit.runners.ParentRunner.access$000(ParentRunner.java:58)
	at org.junit.runners.ParentRunner$2.evaluate(ParentRunner.java:268)
	at org.junit.runners.ParentRunner.run(ParentRunner.java:363)
	at org.apache.maven.surefire.junit4.JUnit4Provider.execute(JUnit4Provider.java:252)
	at org.apache.maven.surefire.junit4.JUnit4Provider.executeTestSet(JUnit4Provider.java:141)
	at org.apache.maven.surefire.junit4.JUnit4Provider.invoke(JUnit4Provider.java:112)
	at java.base/jdk.internal.reflect.NativeMethodAccessorImpl.invoke0(Native Method)
	at java.base/jdk.internal.reflect.NativeMethodAccessorImpl.invoke(Unknown Source)
	at java.base/jdk.internal.reflect.DelegatingMethodAccessorImpl.invoke(Unknown Source)
	at java.base/java.lang.reflect.Method.invoke(Unknown Source)
	at org.apache.maven.surefire.util.ReflectionUtils.invokeMethodWithArray(ReflectionUtils.java:189)
	at org.apache.maven.surefire.booter.ProviderFactory$ProviderProxy.invoke(ProviderFactory.java:165)
	at org.apache.maven.surefire.booter.ProviderFactory.invokeProvider(ProviderFactory.java:85)
	at org.apache.maven.surefire.booter.ForkedBooter.runSuitesInProcess(ForkedBooter.java:115)
	at org.apache.maven.surefire.booter.ForkedBooter.main(ForkedBooter.java:75)
</failure>
    <system-out>Calculate time schedule for num days = 30
Processing person person0
Processing person person1
Processing person person2
Too many retries
Retry person schedule generation :person2
Processing person person3
Too many retries
Retry person schedule generation :person3
Processing person person4
Processing person person5
Processing person person6
Processing person person7
Processing person person8
Processing person person9
Processing person person10
Processing person person11
Too many retries
Retry person schedule generation :person11
Too many retries
Retry person schedule generation :person11
Too many retries
Retry person schedule generation :person11
Too many retries
Retry person schedule generation :person11
Too many retries
Retry person schedule generation :person11
Too many retries
Retry person schedule generation :person11
Too many retries
Retry person schedule generation :person11
Processing person person12
Too many retries
Retry person schedule generation :person12
Too many retries
Retry person schedule generation :person12
Too many retries
Retry person schedule generation :person12
Too many retries
Retry person schedule generation :person12
Processing person person13
Too many retries
Retry person schedule generation :person13
Too many retries
Retry person schedule generation :person13
Too many retries
Retry person schedule generation :person13
Too many retries
Retry person schedule generation :person13
Too many retries
Retry person schedule generation :person13
Too many retries
Retry person schedule generation :person13
Too many retries
Retry person schedule generation :person13
Too many retries
Retry person schedule generation :person13
Too many retries
Retry person schedule generation :person13
Too many retries
Retry person schedule generation :person13
Too many retries
Retry person schedule generation :person13
Too many retries
Retry person schedule generation :person13
Too many retries
Retry person schedule generation :person13
Too many retries
Retry person schedule generation :person13
Too many retries
Retry person schedule generation :person13
Too many retries
Retry person schedule generation :person13
Too many retries
Retry person schedule generation :person13
Too many retries
Retry person schedule generation :person13
Too many retries
Retry person schedule generation :person13
Too many retries
Retry person schedule generation :person13
Too many retries
Retry person schedule generation :person13
Too many retries
Retry person schedule generation :person13
Too many retries
Retry person schedule generation :person13
Too many retries
Retry person schedule generation :person13
Too many retries
Retry person schedule generation :person13
Too many retries
Retry person schedule generation :person13
Too many retries
Retry person schedule generation :person13
Too many retries
Retry person schedule generation :person13
Too many retries
Retry person schedule generation :person13
Too many retries
Retry person schedule generation :person13
Too many retries
Retry person schedule generation :person13
Too many retries
Retry person schedule generation :person13
Too many retries
Retry person schedule generation :person13
Too many retries
Retry person schedule generation :person13
Too many retries
Retry person schedule generation :person13
Too many retries
Retry person schedule generation :person13
Too many retries
Retry person schedule generation :person13
Too many retries
Retry person schedule generation :person13
Too many retries
Retry person schedule generation :person13
Too many retries
Retry person schedule generation :person13
Too many retries
Retry person schedule generation :person13
Too many retries
Retry person schedule generation :person13
Too many retries
Retry person schedule generation :person13
Too many retries
Retry person schedule generation :person13
Too many retries
Retry person schedule generation :person13
Too many retries
Retry person schedule generation :person13
Too many retries
Retry person schedule generation :person13
Too many retries
Retry person schedule generation :person13
Too many retries
Retry person schedule generation :person13
Too many retries
Retry person schedule generation :person13
Too many retries
Retry person schedule generation :person13
Too many retries
Retry person schedule generation :person13
Too many retries
Retry person schedule generation :person13
Too many retries
Retry person schedule generation :person13
Too many retries
Retry person schedule generation :person13
Too many retries
Retry person schedule generation :person13
Too many retries
Retry person schedule generation :person13
Too many retries
Retry person schedule generation :person13
Too many retries
Retry person schedule generation :person13
Too many retries
Retry person schedule generation :person13
Too many retries
Retry person schedule generation :person13
Too many retries
Retry person schedule generation :person13
Too many retries
Retry person schedule generation :person13
Too many retries
Retry person schedule generation :person13
Too many retries
Retry person schedule generation :person13
Too many retries
Retry person schedule generation :person13
Too many retries
Retry person schedule generation :person13
Too many retries
Retry person schedule generation :person13
Too many retries
Retry person schedule generation :person13
Too many retries
Retry person schedule generation :person13
Too many retries
Retry person schedule generation :person13
Too many retries
Retry person schedule generation :person13
Too many retries
Retry person schedule generation :person13
Too many retries
Retry person schedule generation :person13
Too many retries
Retry person schedule generation :person13
Too many retries
Retry person schedule generation :person13
Too many retries
Retry person schedule generation :person13
Too many retries
Retry person schedule generation :person13
Too many retries
Retry person schedule generation :person13
Too many retries
Retry person schedule generation :person13
Too many retries
Retry person schedule generation :person13
Too many retries
Retry person schedule generation :person13
Too many retries
Retry person schedule generation :person13
Too many retries
Retry person schedule generation :person13
Too many retries
Retry person schedule generation :person13
Too many retries
Retry person schedule generation :person13
Too many retries
Retry person schedule generation :person13
Too many retries
Retry person schedule generation :person13
Too many retries
Retry person schedule generation :person13
Too many retries
Retry person schedule generation :person13
Too many retries
Retry person schedule generation :person13
Too many retries
Retry person schedule generation :person13
Too many retries
Retry person schedule generation :person13
Too many retries
Retry person schedule generation :person13
Too many retries
Retry person schedule generation :person13
Too many retries
Retry person schedule generation :person13
Too many retries
Retry person schedule generation :person13
Too many retries
Retry person schedule generation :person13
Too many retries
Retry person schedule generation :person13
Too many retries
Retry person schedule generation :person13
Too many retries
Retry person schedule generation :person13
Too many retries
Retry person schedule generation :person13
Too many retries
Retry person schedule generation :person13
Too many retries
Retry person schedule generation :person13
Too many retries
Retry person schedule generation :person13
Too many retries
Retry person schedule generation :person13
Too many retries
Retry person schedule generation :person13
Too many retries
Retry person schedule generation :person13
Too many retries
Retry person schedule generation :person13
Too many retries
Retry person schedule generation :person13
Too many retries
Retry person schedule generation :person13
Too many retries
Retry person schedule generation :person13
Too many retries
Retry person schedule generation :person13
Too many retries
Retry person schedule generation :person13
Too many retries
Retry person schedule generation :person13
Too many retries
Retry person schedule generation :person13
Too many retries
Retry person schedule generation :person13
Too many retries
Retry person schedule generation :person13
Too many retries
Retry person schedule generation :person13
Too many retries
Retry person schedule generation :person13
Too many retries
Retry person schedule generation :person13
Too many retries
Retry person schedule generation :person13
Too many retries
Retry person schedule generation :person13
Too many retries
Retry person schedule generation :person13
Too many retries
Retry person schedule generation :person13
Too many retries
Retry person schedule generation :person13
Too many retries
Retry person schedule generation :person13
Too many retries
Retry person schedule generation :person13
Too many retries
Retry person schedule generation :person13
Too many retries
Retry person schedule generation :person13
Too many retries
Retry person schedule generation :person13
Too many retries
Retry person schedule generation :person13
Too many retries
Retry person schedule generation :person13
Too many retries
Retry person schedule generation :person13
Too many retries
Retry person schedule generation :person13
Too many retries
Retry person schedule generation :person13
Too many retries
Retry person schedule generation :person13
Too many retries
Retry person schedule generation :person13
Too many retries
Retry person schedule generation :person13
Too many retries
Retry person schedule generation :person13
Too many retries
Retry person schedule generation :person13
Too many retries
Retry person schedule generation :person13
Too many retries
Retry person schedule generation :person13
Too many retries
Retry person schedule generation :person13
Too many retries
Retry person schedule generation :person13
Too many retries
Retry person schedule generation :person13
Too many retries
Retry person schedule generation :person13
Too many retries
Retry person schedule generation :person13
Too many retries
Retry person schedule generation :person13
Too many retries
Retry person schedule generation :person13
Too many retries
Retry person schedule generation :person13
Too many retries
Retry person schedule generation :person13
Too many retries
Retry person schedule generation :person13
Too many retries
Retry person schedule generation :person13
Too many retries
Retry person schedule generation :person13
Too many retries
Retry person schedule generation :person13
Too many retries
Retry person schedule generation :person13
Too many retries
Retry person schedule generation :person13
Too many retries
Retry person schedule generation :person13
Too many retries
Retry person schedule generation :person13
Too many retries
Retry person schedule generation :person13
Too many retries
Retry person schedule generation :person13
Too many retries
Retry person schedule generation :person13
Too many retries
Retry person schedule generation :person13
Too many retries
Retry person schedule generation :person13
Too many retries
Retry person schedule generation :person13
Too many retries
Retry person schedule generation :person13
Too many retries
Retry person schedule generation :person13
Too many retries
Retry person schedule generation :person13
Too many retries
Retry person schedule generation :person13
Too many retries
Retry person schedule generation :person13
Too many retries
Retry person schedule generation :person13
Too many retries
Retry person schedule generation :person13
Too many retries
Retry person schedule generation :person13
Too many retries
Retry person schedule generation :person13
Too many retries
Retry person schedule generation :person13
Too many retries
Retry person schedule generation :person13
Too many retries
Retry person schedule generation :person13
Too many retries
Retry person schedule generation :person13
Too many retries
Retry person schedule generation :person13
Too many retries
Retry person schedule generation :person13
Too many retries
Retry person schedule generation :person13
Too many retries
Retry person schedule generation :person13
Too many retries
Retry person schedule generation :person13
Too many retries
Retry person schedule generation :person13
Too many retries
Retry person schedule generation :person13
Too many retries
Retry person schedule generation :person13
Too many retries
Retry person schedule generation :person13
Too many retries
Retry person schedule generation :person13
Too many retries
Retry person schedule generation :person13
Too many retries
Retry person schedule generation :person13
Too many retries
Retry person schedule generation :person13
Too many retries
Retry person schedule generation :person13
Too many retries
Retry person schedule generation :person13
Too many retries
Retry person schedule generation :person13
Too many retries
Retry person schedule generation :person13
Too many retries
Retry person schedule generation :person13
Too many retries
Retry person schedule generation :person13
Too many retries
Retry person schedule generation :person13
Too many retries
Retry person schedule generation :person13
Processing person person14
Too many retries
Retry person schedule generation :person14
Too many retries
Retry person schedule generation :person14
Too many retries
Retry person schedule generation :person14
Too many retries
Retry person schedule generation :person14
Too many retries
Retry person schedule generation :person14
Too many retries
Retry person schedule generation :person14
Too many retries
Retry person schedule generation :person14
Too many retries
Retry person schedule generation :person14
Too many retries
Retry person schedule generation :person14
Too many retries
Retry person schedule generation :person14
Too many retries
Retry person schedule generation :person14
Too many retries
Retry person schedule generation :person14
Too many retries
Retry person schedule generation :person14
Too many retries
Retry person schedule generation :person14
Too many retries
Retry person schedule generation :person14
Too many retries
Retry person schedule generation :person14
Too many retries
Retry person schedule generation :person14
Too many retries
Retry person schedule generation :person14
Too many retries
Retry person schedule generation :person14
Too many retries
Retry person schedule generation :person14
Too many retries
Retry person schedule generation :person14
Too many retries
Retry person schedule generation :person14
Too many retries
Retry person schedule generation :person14
Too many retries
Retry person schedule generation :person14
Too many retries
Retry person schedule generation :person14
Too many retries
Retry person schedule generation :person14
Too many retries
Retry person schedule generation :person14
Too many retries
Retry person schedule generation :person14
Too many retries
Retry person schedule generation :person14
Too many retries
Retry person schedule generation :person14
Too many retries
Retry person schedule generation :person14
Too many retries
Retry person schedule generation :person14
Too many retries
Retry person schedule generation :person14
Too many retries
Retry person schedule generation :person14
Too many retries
Retry person schedule generation :person14
Too many retries
Retry person schedule generation :person14
Too many retries
Retry person schedule generation :person14
Too many retries
Retry person schedule generation :person14
Too many retries
Retry person schedule generation :person14
Too many retries
Retry person schedule generation :person14
Too many retries
Retry person schedule generation :person14
Too many retries
Retry person schedule generation :person14
Too many retries
Retry person schedule generation :person14
Too many retries
Retry person schedule generation :person14
Too many retries
Retry person schedule generation :person14
Too many retries
Retry person schedule generation :person14
Too many retries
Retry person schedule generation :person14
Too many retries
Retry person schedule generation :person14
Too many retries
Retry person schedule generation :person14
Too many retries
Retry person schedule generation :person14
Too many retries
Retry person schedule generation :person14
Too many retries
Retry person schedule generation :person14
Too many retries
Retry person schedule generation :person14
Too many retries
Retry person schedule generation :person14
Too many retries
Retry person schedule generation :person14
Too many retries
Retry person schedule generation :person14
Too many retries
Retry person schedule generation :person14
Too many retries
Retry person schedule generation :person14
Too many retries
Retry person schedule generation :person14
Too many retries
Retry person schedule generation :person14
Too many retries
Retry person schedule generation :person14
Too many retries
Retry person schedule generation :person14
Too many retries
Retry person schedule generation :person14
Too many retries
Retry person schedule generation :person14
Too many retries
Retry person schedule generation :person14
Too many retries
Retry person schedule generation :person14
Too many retries
Retry person schedule generation :person14
Too many retries
Retry person schedule generation :person14
Too many retries
Retry person schedule generation :person14
Too many retries
Retry person schedule generation :person14
Too many retries
Retry person schedule generation :person14
Too many retries
Retry person schedule generation :person14
Too many retries
Retry person schedule generation :person14
Too many retries
Retry person schedule generation :person14
Too many retries
Retry person schedule generation :person14
Too many retries
Retry person schedule generation :person14
Too many retries
Retry person schedule generation :person14
Too many retries
Retry person schedule generation :person14
Too many retries
Retry person schedule generation :person14
Too many retries
Retry person schedule generation :person14
Too many retries
Retry person schedule generation :person14
Too many retries
Retry person schedule generation :person14
Too many retries
Retry person schedule generation :person14
Too many retries
Retry person schedule generation :person14
Too many retries
Retry person schedule generation :person14
Too many retries
Retry person schedule generation :person14
Too many retries
Retry person schedule generation :person14
Too many retries
Retry person schedule generation :person14
Too many retries
Retry person schedule generation :person14
Too many retries
Retry person schedule generation :person14
Too many retries
Retry person schedule generation :person14
Too many retries
Retry person schedule generation :person14
Too many retries
Retry person schedule generation :person14
Too many retries
Retry person schedule generation :person14
Too many retries
Retry person schedule generation :person14
Too many retries
Retry person schedule generation :person14
Too many retries
Retry person schedule generation :person14
Too many retries
Retry person schedule generation :person14
Too many retries
Retry person schedule generation :person14
Too many retries
Retry person schedule generation :person14
Too many retries
Retry person schedule generation :person14
Too many retries
Retry person schedule generation :person14
Too many retries
Retry person schedule generation :person14
Too many retries
Retry person schedule generation :person14
Too many retries
Retry person schedule generation :person14
Too many retries
Retry person schedule generation :person14
Too many retries
Retry person schedule generation :person14
Too many retries
Retry person schedule generation :person14
Too many retries
Retry person schedule generation :person14
Too many retries
Retry person schedule generation :person14
Too many retries
Retry person schedule generation :person14
Too many retries
Retry person schedule generation :person14
Too many retries
Retry person schedule generation :person14
Too many retries
Retry person schedule generation :person14
Too many retries
Retry person schedule generation :person14
Too many retries
Retry person schedule generation :person14
Too many retries
Retry person schedule generation :person14
Too many retries
Retry person schedule generation :person14
Too many retries
Retry person schedule generation :person14
Too many retries
Retry person schedule generation :person14
Too many retries
Retry person schedule generation :person14
Too many retries
Retry person schedule generation :person14
Too many retries
Retry person schedule generation :person14
Too many retries
Retry person schedule generation :person14
Too many retries
Retry person schedule generation :person14
Too many retries
Retry person schedule generation :person14
Too many retries
Retry person schedule generation :person14
Too many retries
Retry person schedule generation :person14
Too many retries
Retry person schedule generation :person14
Too many retries
Retry person schedule generation :person14
Too many retries
Retry person schedule generation :person14
Too many retries
Retry person schedule generation :person14
Too many retries
Retry person schedule generation :person14
Too many retries
Retry person schedule generation :person14
Too many retries
Retry person schedule generation :person14
Too many retries
Retry person schedule generation :person14
Too many retries
Retry person schedule generation :person14
Too many retries
Retry person schedule generation :person14
Too many retries
Retry person schedule generation :person14
Too many retries
Retry person schedule generation :person14
Too many retries
Retry person schedule generation :person14
Too many retries
Retry person schedule generation :person14
Too many retries
Retry person schedule generation :person14
Too many retries
Retry person schedule generation :person14
Too many retries
Retry person schedule generation :person14
Too many retries
Retry person schedule generation :person14
Too many retries
Retry person schedule generation :person14
Too many retries
Retry person schedule generation :person14
Too many retries
Retry person schedule generation :person14
Too many retries
Retry person schedule generation :person14
Too many retries
Retry person schedule generation :person14
Too many retries
Retry person schedule generation :person14
Too many retries
Retry person schedule generation :person14
Too many retries
Retry person schedule generation :person14
Too many retries
Retry person schedule generation :person14
Too many retries
Retry person schedule generation :person14
Too many retries
Retry person schedule generation :person14
Too many retries
Retry person schedule generation :person14
Too many retries
Retry person schedule generation :person14
Too many retries
Retry person schedule generation :person14
Too many retries
Retry person schedule generation :person14
Too many retries
Retry person schedule generation :person14
Too many retries
Retry person schedule generation :person14
Too many retries
Retry person schedule generation :person14
Too many retries
Retry person schedule generation :person14
Too many retries
Retry person schedule generation :person14
Too many retries
Retry person schedule generation :person14
Too many retries
Retry person schedule generation :person14
Too many retries
Retry person schedule generation :person14
Too many retries
Retry person schedule generation :person14
Too many retries
Retry person schedule generation :person14
Too many retries
Retry person schedule generation :person14
Too many retries
Retry person schedule generation :person14
Too many retries
Retry person schedule generation :person14
Too many retries
Retry person schedule generation :person14
Too many retries
Retry person schedule generation :person14
Too many retries
Retry person schedule generation :person14
Too many retries
Retry person schedule generation :person14
Too many retries
Retry person schedule generation :person14
Too many retries
Retry person schedule generation :person14
Too many retries
Retry person schedule generation :person14
Too many retries
Retry person schedule generation :person14
Too many retries
Retry person schedule generation :person14
Too many retries
Retry person schedule generation :person14
Too many retries
Retry person schedule generation :person14
Too many retries
Retry person schedule generation :person14
Too many retries
Retry person schedule generation :person14
Too many retries
Retry person schedule generation :person14
Too many retries
Retry person schedule generation :person14
Too many retries
Retry person schedule generation :person14
Too many retries
Retry person schedule generation :person14
Too many retries
Retry person schedule generation :person14
Too many retries
Retry person schedule generation :person14
Too many retries
Retry person schedule generation :person14
Too many retries
Retry person schedule generation :person14
Too many retries
Retry person schedule generation :person14
Too many retries
Retry person schedule generation :person14
Too many retries
Retry person schedule generation :person14
Too many retries
Retry person schedule generation :person14
Too many retries
Retry person schedule generation :person14
</system-out>
  </testcase>
  <testcase classname="com.aatanasov.timetable.test.ScheduleCalculatorTest" name="testSamePeople" time="0"/>
</testsuite>